<?xml version="1.0" encoding="UTF-8"?>
<!-- Generated by org.testng.reporters.JUnitReportReporter -->
<testsuite skipped="0" hostname="DESKTOP-AFEDHUD" name="org.testng.Sample" tests="3" failures="0" timestamp="05 Apr 2021 07:26:39 GMT" time="0.034" errors="0">
  <testcase name="tc1" time="0.025" classname="org.testng.Sample"/>
  <testcase name="tc3" time="0.006" classname="org.testng.Sample"/>
  <testcase name="tc2" time="0.003" classname="org.testng.Sample"/>
</testsuite> <!-- org.testng.Sample -->
