<?xml version="1.0" encoding="UTF-8"?>
<!-- Generated by org.testng.reporters.JUnitReportReporter -->
<testsuite skipped="0" hostname="DESKTOP-AFEDHUD" name="org.dataprovider.RunTestng" tests="5" failures="0" timestamp="10 Apr 2021 05:38:59 GMT" time="0.040" errors="0">
  <testcase name="tc24" time="0.008" classname="org.dataprovider.RunTestng"/>
  <testcase name="tc20" time="0.021" classname="org.dataprovider.RunTestng"/>
  <testcase name="tc22" time="0.002" classname="org.dataprovider.RunTestng"/>
  <testcase name="tc23" time="0.007" classname="org.dataprovider.RunTestng"/>
  <testcase name="tc21" time="0.002" classname="org.dataprovider.RunTestng"/>
</testsuite> <!-- org.dataprovider.RunTestng -->
