<?xml version="1.0" encoding="UTF-8"?>
<!-- Generated by org.testng.reporters.JUnitReportReporter -->
<testsuite skipped="0" hostname="DESKTOP-AFEDHUD" name="org.dataprovider.DependsonGroups$Groups" tests="5" failures="0" timestamp="09 Apr 2021 13:35:57 GMT" time="0.032" errors="0">
  <testcase name="tc0" time="0.000" classname="org.dataprovider.DependsonGroups$Groups"/>
  <testcase name="tc1" time="0.016" classname="org.dataprovider.DependsonGroups$Groups"/>
  <testcase name="tc4" time="0.000" classname="org.dataprovider.DependsonGroups$Groups"/>
  <testcase name="tc3" time="0.000" classname="org.dataprovider.DependsonGroups$Groups"/>
  <testcase name="tc2" time="0.016" classname="org.dataprovider.DependsonGroups$Groups"/>
</testsuite> <!-- org.dataprovider.DependsonGroups$Groups -->
