<?xml version="1.0" encoding="UTF-8"?>
<!-- Generated by org.testng.reporters.JUnitReportReporter -->
<testsuite skipped="0" hostname="DESKTOP-AFEDHUD" name="org.dataprovider.Groups" tests="2" failures="0" timestamp="09 Apr 2021 13:31:33 GMT" time="0.008" errors="0">
  <testcase name="tc2" time="0.000" classname="org.dataprovider.Groups"/>
  <testcase name="tc1" time="0.008" classname="org.dataprovider.Groups"/>
</testsuite> <!-- org.dataprovider.Groups -->
