<?xml version="1.0" encoding="UTF-8"?>
<!-- Generated by org.testng.reporters.JUnitReportReporter -->
<testsuite skipped="0" hostname="DESKTOP-AFEDHUD" name="org.dataprovider.HardAssert" tests="2" failures="0" timestamp="09 Apr 2021 13:10:39 GMT" time="0.340" errors="0">
  <testcase name="tc0" time="0.340" classname="org.dataprovider.HardAssert"/>
  <testcase name="tc1" time="0.000" classname="org.dataprovider.HardAssert"/>
</testsuite> <!-- org.dataprovider.HardAssert -->
