<?xml version="1.0" encoding="UTF-8"?>
<!-- Generated by org.testng.reporters.JUnitReportReporter -->
<testsuite skipped="0" hostname="DESKTOP-AFEDHUD" name="org.ReportLogin.Htmlreports" tests="2" failures="0" timestamp="10 Apr 2021 10:56:57 GMT" time="1.429" errors="0">
  <testcase name="tc1" time="1.384" classname="org.ReportLogin.Htmlreports"/>
  <testcase name="tc0" time="0.045" classname="org.ReportLogin.Htmlreports"/>
</testsuite> <!-- org.ReportLogin.Htmlreports -->
