<?xml version="1.0" encoding="UTF-8"?>
<!-- Generated by org.testng.reporters.JUnitReportReporter -->
<testsuite skipped="0" hostname="DESKTOP-AFEDHUD" name="org.dataprovider.Sample" tests="3" failures="0" timestamp="09 Apr 2021 12:39:16 GMT" time="40.204" errors="0">
  <testcase name="tc0" time="17.238" classname="org.dataprovider.Sample"/>
  <testcase name="tc0" time="9.525" classname="org.dataprovider.Sample"/>
  <testcase name="tc0" time="13.441" classname="org.dataprovider.Sample"/>
</testsuite> <!-- org.dataprovider.Sample -->
