<?xml version="1.0" encoding="UTF-8"?>
<!-- Generated by org.testng.reporters.JUnitReportReporter -->
<testsuite skipped="308" hostname="DESKTOP-AFEDHUD" name="org.dataprovider.AutomationRerun" tests="313" failures="0" timestamp="10 Apr 2021 06:24:25 GMT" time="24.420" errors="0">
  <testcase name="tc5Register" time="0.016" classname="org.dataprovider.AutomationRerun">
    <skipped/>
  </testcase> <!-- tc5Register -->
  <testcase name="tc5Register" time="0.015" classname="org.dataprovider.AutomationRerun">
    <skipped/>
  </testcase> <!-- tc5Register -->
  <testcase name="tc5Register" time="0.014" classname="org.dataprovider.AutomationRerun">
    <skipped/>
  </testcase> <!-- tc5Register -->
  <testcase name="tc5Register" time="0.012" classname="org.dataprovider.AutomationRerun">
    <skipped/>
  </testcase> <!-- tc5Register -->
  <testcase name="tc5Register" time="0.011" classname="org.dataprovider.AutomationRerun">
    <skipped/>
  </testcase> <!-- tc5Register -->
  <testcase name="tc5Register" time="0.023" classname="org.dataprovider.AutomationRerun">
    <skipped/>
  </testcase> <!-- tc5Register -->
  <testcase name="tc5Register" time="0.011" classname="org.dataprovider.AutomationRerun">
    <skipped/>
  </testcase> <!-- tc5Register -->
  <testcase name="tc5Register" time="0.018" classname="org.dataprovider.AutomationRerun">
    <skipped/>
  </testcase> <!-- tc5Register -->
  <testcase name="tc5Register" time="0.033" classname="org.dataprovider.AutomationRerun">
    <skipped/>
  </testcase> <!-- tc5Register -->
  <testcase name="tc5Register" time="0.011" classname="org.dataprovider.AutomationRerun">
    <skipped/>
  </testcase> <!-- tc5Register -->
  <testcase name="tc5Register" time="0.012" classname="org.dataprovider.AutomationRerun">
    <skipped/>
  </testcase> <!-- tc5Register -->
  <testcase name="tc5Register" time="0.014" classname="org.dataprovider.AutomationRerun">
    <skipped/>
  </testcase> <!-- tc5Register -->
  <testcase name="tc5Register" time="0.011" classname="org.dataprovider.AutomationRerun">
    <skipped/>
  </testcase> <!-- tc5Register -->
  <testcase name="tc5Register" time="0.013" classname="org.dataprovider.AutomationRerun">
    <skipped/>
  </testcase> <!-- tc5Register -->
  <testcase name="tc5Register" time="0.013" classname="org.dataprovider.AutomationRerun">
    <skipped/>
  </testcase> <!-- tc5Register -->
  <testcase name="tc5Register" time="0.012" classname="org.dataprovider.AutomationRerun">
    <skipped/>
  </testcase> <!-- tc5Register -->
  <testcase name="tc5Register" time="0.014" classname="org.dataprovider.AutomationRerun">
    <skipped/>
  </testcase> <!-- tc5Register -->
  <testcase name="tc4Register" time="0.994" classname="org.dataprovider.AutomationRerun"/>
  <testcase name="tc5Register" time="0.011" classname="org.dataprovider.AutomationRerun">
    <skipped/>
  </testcase> <!-- tc5Register -->
  <testcase name="tc5Register" time="0.012" classname="org.dataprovider.AutomationRerun">
    <skipped/>
  </testcase> <!-- tc5Register -->
  <testcase name="tc5Register" time="0.011" classname="org.dataprovider.AutomationRerun">
    <skipped/>
  </testcase> <!-- tc5Register -->
  <testcase name="tc5Register" time="0.014" classname="org.dataprovider.AutomationRerun">
    <skipped/>
  </testcase> <!-- tc5Register -->
  <testcase name="tc5Register" time="0.012" classname="org.dataprovider.AutomationRerun">
    <skipped/>
  </testcase> <!-- tc5Register -->
  <testcase name="tc5Register" time="0.013" classname="org.dataprovider.AutomationRerun">
    <skipped/>
  </testcase> <!-- tc5Register -->
  <testcase name="tc5Register" time="0.012" classname="org.dataprovider.AutomationRerun">
    <skipped/>
  </testcase> <!-- tc5Register -->
  <testcase name="tc5Register" time="0.014" classname="org.dataprovider.AutomationRerun">
    <skipped/>
  </testcase> <!-- tc5Register -->
  <testcase name="tc5Register" time="0.016" classname="org.dataprovider.AutomationRerun">
    <skipped/>
  </testcase> <!-- tc5Register -->
  <testcase name="tc5Register" time="0.013" classname="org.dataprovider.AutomationRerun">
    <skipped/>
  </testcase> <!-- tc5Register -->
  <testcase name="tc5Register" time="0.012" classname="org.dataprovider.AutomationRerun">
    <skipped/>
  </testcase> <!-- tc5Register -->
  <testcase name="tc5Register" time="0.016" classname="org.dataprovider.AutomationRerun">
    <skipped/>
  </testcase> <!-- tc5Register -->
  <testcase name="tc5Register" time="0.026" classname="org.dataprovider.AutomationRerun">
    <skipped/>
  </testcase> <!-- tc5Register -->
  <testcase name="tc5Register" time="0.020" classname="org.dataprovider.AutomationRerun">
    <skipped/>
  </testcase> <!-- tc5Register -->
  <testcase name="tc5Register" time="0.013" classname="org.dataprovider.AutomationRerun">
    <skipped/>
  </testcase> <!-- tc5Register -->
  <testcase name="tc5Register" time="0.017" classname="org.dataprovider.AutomationRerun">
    <skipped/>
  </testcase> <!-- tc5Register -->
  <testcase name="tc5Register" time="0.011" classname="org.dataprovider.AutomationRerun">
    <skipped/>
  </testcase> <!-- tc5Register -->
  <testcase name="tc5Register" time="0.012" classname="org.dataprovider.AutomationRerun">
    <skipped/>
  </testcase> <!-- tc5Register -->
  <testcase name="tc5Register" time="0.014" classname="org.dataprovider.AutomationRerun">
    <skipped/>
  </testcase> <!-- tc5Register -->
  <testcase name="tc5Register" time="0.016" classname="org.dataprovider.AutomationRerun">
    <skipped/>
  </testcase> <!-- tc5Register -->
  <testcase name="tc5Register" time="0.011" classname="org.dataprovider.AutomationRerun">
    <skipped/>
  </testcase> <!-- tc5Register -->
  <testcase name="tc5Register" time="0.026" classname="org.dataprovider.AutomationRerun">
    <skipped/>
  </testcase> <!-- tc5Register -->
  <testcase name="tc5Register" time="0.012" classname="org.dataprovider.AutomationRerun">
    <skipped/>
  </testcase> <!-- tc5Register -->
  <testcase name="tc5Register" time="0.024" classname="org.dataprovider.AutomationRerun">
    <skipped/>
  </testcase> <!-- tc5Register -->
  <testcase name="tc5Register" time="0.012" classname="org.dataprovider.AutomationRerun">
    <skipped/>
  </testcase> <!-- tc5Register -->
  <testcase name="tc5Register" time="0.013" classname="org.dataprovider.AutomationRerun">
    <skipped/>
  </testcase> <!-- tc5Register -->
  <testcase name="tc5Register" time="0.013" classname="org.dataprovider.AutomationRerun">
    <skipped/>
  </testcase> <!-- tc5Register -->
  <testcase name="tc5Register" time="0.046" classname="org.dataprovider.AutomationRerun">
    <skipped/>
  </testcase> <!-- tc5Register -->
  <testcase name="tc5Register" time="0.012" classname="org.dataprovider.AutomationRerun">
    <skipped/>
  </testcase> <!-- tc5Register -->
  <testcase name="tc5Register" time="0.013" classname="org.dataprovider.AutomationRerun">
    <skipped/>
  </testcase> <!-- tc5Register -->
  <testcase name="tc5Register" time="0.012" classname="org.dataprovider.AutomationRerun">
    <skipped/>
  </testcase> <!-- tc5Register -->
  <testcase name="tc5Register" time="0.020" classname="org.dataprovider.AutomationRerun">
    <skipped/>
  </testcase> <!-- tc5Register -->
  <testcase name="tc5Register" time="0.026" classname="org.dataprovider.AutomationRerun">
    <skipped/>
  </testcase> <!-- tc5Register -->
  <testcase name="tc5Register" time="0.012" classname="org.dataprovider.AutomationRerun">
    <skipped/>
  </testcase> <!-- tc5Register -->
  <testcase name="tc5Register" time="0.011" classname="org.dataprovider.AutomationRerun">
    <skipped/>
  </testcase> <!-- tc5Register -->
  <testcase name="tc5Register" time="0.015" classname="org.dataprovider.AutomationRerun">
    <skipped/>
  </testcase> <!-- tc5Register -->
  <testcase name="tc5Register" time="0.012" classname="org.dataprovider.AutomationRerun">
    <skipped/>
  </testcase> <!-- tc5Register -->
  <testcase name="tc5Register" time="0.022" classname="org.dataprovider.AutomationRerun">
    <skipped/>
  </testcase> <!-- tc5Register -->
  <testcase name="tc5Register" time="0.013" classname="org.dataprovider.AutomationRerun">
    <skipped/>
  </testcase> <!-- tc5Register -->
  <testcase name="tc5Register" time="0.011" classname="org.dataprovider.AutomationRerun">
    <skipped/>
  </testcase> <!-- tc5Register -->
  <testcase name="tc5Register" time="0.011" classname="org.dataprovider.AutomationRerun">
    <skipped/>
  </testcase> <!-- tc5Register -->
  <testcase name="tc5Register" time="0.019" classname="org.dataprovider.AutomationRerun">
    <skipped/>
  </testcase> <!-- tc5Register -->
  <testcase name="tc5Register" time="0.022" classname="org.dataprovider.AutomationRerun">
    <skipped/>
  </testcase> <!-- tc5Register -->
  <testcase name="tc5Register" time="0.011" classname="org.dataprovider.AutomationRerun">
    <skipped/>
  </testcase> <!-- tc5Register -->
  <testcase name="tc5Register" time="0.017" classname="org.dataprovider.AutomationRerun">
    <skipped/>
  </testcase> <!-- tc5Register -->
  <testcase name="tc5Register" time="0.014" classname="org.dataprovider.AutomationRerun">
    <skipped/>
  </testcase> <!-- tc5Register -->
  <testcase name="tc5Register" time="0.024" classname="org.dataprovider.AutomationRerun">
    <skipped/>
  </testcase> <!-- tc5Register -->
  <testcase name="tc5Register" time="0.015" classname="org.dataprovider.AutomationRerun">
    <skipped/>
  </testcase> <!-- tc5Register -->
  <testcase name="tc5Register" time="0.014" classname="org.dataprovider.AutomationRerun">
    <skipped/>
  </testcase> <!-- tc5Register -->
  <testcase name="tc5Register" time="0.022" classname="org.dataprovider.AutomationRerun">
    <skipped/>
  </testcase> <!-- tc5Register -->
  <testcase name="tc5Register" time="0.018" classname="org.dataprovider.AutomationRerun">
    <skipped/>
  </testcase> <!-- tc5Register -->
  <testcase name="tc5Register" time="0.011" classname="org.dataprovider.AutomationRerun">
    <skipped/>
  </testcase> <!-- tc5Register -->
  <testcase name="tc0" time="12.152" classname="org.dataprovider.AutomationRerun"/>
  <testcase name="tc5Register" time="0.010" classname="org.dataprovider.AutomationRerun">
    <skipped/>
  </testcase> <!-- tc5Register -->
  <testcase name="tc5Register" time="0.010" classname="org.dataprovider.AutomationRerun">
    <skipped/>
  </testcase> <!-- tc5Register -->
  <testcase name="tc5Register" time="0.013" classname="org.dataprovider.AutomationRerun">
    <skipped/>
  </testcase> <!-- tc5Register -->
  <testcase name="tc5Register" time="0.012" classname="org.dataprovider.AutomationRerun">
    <skipped/>
  </testcase> <!-- tc5Register -->
  <testcase name="tc5Register" time="0.010" classname="org.dataprovider.AutomationRerun">
    <skipped/>
  </testcase> <!-- tc5Register -->
  <testcase name="tc5Register" time="0.012" classname="org.dataprovider.AutomationRerun">
    <skipped/>
  </testcase> <!-- tc5Register -->
  <testcase name="tc5Register" time="0.011" classname="org.dataprovider.AutomationRerun">
    <skipped/>
  </testcase> <!-- tc5Register -->
  <testcase name="tc5Register" time="0.013" classname="org.dataprovider.AutomationRerun">
    <skipped/>
  </testcase> <!-- tc5Register -->
  <testcase name="tc5Register" time="0.028" classname="org.dataprovider.AutomationRerun">
    <skipped/>
  </testcase> <!-- tc5Register -->
  <testcase name="tc5Register" time="0.012" classname="org.dataprovider.AutomationRerun">
    <skipped/>
  </testcase> <!-- tc5Register -->
  <testcase name="tc5Register" time="0.014" classname="org.dataprovider.AutomationRerun">
    <skipped/>
  </testcase> <!-- tc5Register -->
  <testcase name="tc5Register" time="0.024" classname="org.dataprovider.AutomationRerun">
    <skipped/>
  </testcase> <!-- tc5Register -->
  <testcase name="tc5Register" time="0.011" classname="org.dataprovider.AutomationRerun">
    <skipped/>
  </testcase> <!-- tc5Register -->
  <testcase name="tc5Register" time="0.010" classname="org.dataprovider.AutomationRerun">
    <skipped/>
  </testcase> <!-- tc5Register -->
  <testcase name="tc5Register" time="0.016" classname="org.dataprovider.AutomationRerun">
    <skipped/>
  </testcase> <!-- tc5Register -->
  <testcase name="tc5Register" time="0.014" classname="org.dataprovider.AutomationRerun">
    <skipped/>
  </testcase> <!-- tc5Register -->
  <testcase name="tc5Register" time="0.020" classname="org.dataprovider.AutomationRerun">
    <skipped/>
  </testcase> <!-- tc5Register -->
  <testcase name="tc5Register" time="0.012" classname="org.dataprovider.AutomationRerun">
    <skipped/>
  </testcase> <!-- tc5Register -->
  <testcase name="tc5Register" time="0.037" classname="org.dataprovider.AutomationRerun">
    <skipped/>
  </testcase> <!-- tc5Register -->
  <testcase name="tc5Register" time="0.013" classname="org.dataprovider.AutomationRerun">
    <skipped/>
  </testcase> <!-- tc5Register -->
  <testcase name="tc5Register" time="0.014" classname="org.dataprovider.AutomationRerun">
    <skipped/>
  </testcase> <!-- tc5Register -->
  <testcase name="tc5Register" time="0.014" classname="org.dataprovider.AutomationRerun">
    <skipped/>
  </testcase> <!-- tc5Register -->
  <testcase name="tc5Register" time="0.016" classname="org.dataprovider.AutomationRerun">
    <skipped/>
  </testcase> <!-- tc5Register -->
  <testcase name="tc5Register" time="0.012" classname="org.dataprovider.AutomationRerun">
    <skipped/>
  </testcase> <!-- tc5Register -->
  <testcase name="tc5Register" time="0.011" classname="org.dataprovider.AutomationRerun">
    <skipped/>
  </testcase> <!-- tc5Register -->
  <testcase name="tc5Register" time="0.013" classname="org.dataprovider.AutomationRerun">
    <skipped/>
  </testcase> <!-- tc5Register -->
  <testcase name="tc5Register" time="0.011" classname="org.dataprovider.AutomationRerun">
    <skipped/>
  </testcase> <!-- tc5Register -->
  <testcase name="tc5Register" time="0.012" classname="org.dataprovider.AutomationRerun">
    <skipped/>
  </testcase> <!-- tc5Register -->
  <testcase name="tc5Register" time="0.015" classname="org.dataprovider.AutomationRerun">
    <skipped/>
  </testcase> <!-- tc5Register -->
  <testcase name="tc5Register" time="0.013" classname="org.dataprovider.AutomationRerun">
    <skipped/>
  </testcase> <!-- tc5Register -->
  <testcase name="tc5Register" time="0.011" classname="org.dataprovider.AutomationRerun">
    <skipped/>
  </testcase> <!-- tc5Register -->
  <testcase name="tc5Register" time="0.013" classname="org.dataprovider.AutomationRerun">
    <skipped/>
  </testcase> <!-- tc5Register -->
  <testcase name="tc5Register" time="0.011" classname="org.dataprovider.AutomationRerun">
    <skipped/>
  </testcase> <!-- tc5Register -->
  <testcase name="tc5Register" time="0.018" classname="org.dataprovider.AutomationRerun">
    <skipped/>
  </testcase> <!-- tc5Register -->
  <testcase name="tc5Register" time="0.012" classname="org.dataprovider.AutomationRerun">
    <skipped/>
  </testcase> <!-- tc5Register -->
  <testcase name="tc5Register" time="0.012" classname="org.dataprovider.AutomationRerun">
    <skipped/>
  </testcase> <!-- tc5Register -->
  <testcase name="tc5Register" time="0.012" classname="org.dataprovider.AutomationRerun">
    <skipped/>
  </testcase> <!-- tc5Register -->
  <testcase name="tc5Register" time="0.023" classname="org.dataprovider.AutomationRerun">
    <skipped/>
  </testcase> <!-- tc5Register -->
  <testcase name="tc5Register" time="0.010" classname="org.dataprovider.AutomationRerun">
    <skipped/>
  </testcase> <!-- tc5Register -->
  <testcase name="tc5Register" time="0.012" classname="org.dataprovider.AutomationRerun">
    <skipped/>
  </testcase> <!-- tc5Register -->
  <testcase name="tc5Register" time="0.021" classname="org.dataprovider.AutomationRerun">
    <skipped/>
  </testcase> <!-- tc5Register -->
  <testcase name="tc5Register" time="0.011" classname="org.dataprovider.AutomationRerun">
    <skipped/>
  </testcase> <!-- tc5Register -->
  <testcase name="tc5Register" time="0.014" classname="org.dataprovider.AutomationRerun">
    <skipped/>
  </testcase> <!-- tc5Register -->
  <testcase name="tc5Register" time="0.015" classname="org.dataprovider.AutomationRerun">
    <skipped/>
  </testcase> <!-- tc5Register -->
  <testcase name="tc5Register" time="0.012" classname="org.dataprovider.AutomationRerun">
    <skipped/>
  </testcase> <!-- tc5Register -->
  <testcase name="tc5Register" time="0.018" classname="org.dataprovider.AutomationRerun">
    <skipped/>
  </testcase> <!-- tc5Register -->
  <testcase name="tc5Register" time="0.021" classname="org.dataprovider.AutomationRerun">
    <skipped/>
  </testcase> <!-- tc5Register -->
  <testcase name="tc5Register" time="0.012" classname="org.dataprovider.AutomationRerun">
    <skipped/>
  </testcase> <!-- tc5Register -->
  <testcase name="tc5Register" time="0.011" classname="org.dataprovider.AutomationRerun">
    <skipped/>
  </testcase> <!-- tc5Register -->
  <testcase name="tc5Register" time="0.013" classname="org.dataprovider.AutomationRerun">
    <skipped/>
  </testcase> <!-- tc5Register -->
  <testcase name="tc5Register" time="0.013" classname="org.dataprovider.AutomationRerun">
    <skipped/>
  </testcase> <!-- tc5Register -->
  <testcase name="tc5Register" time="0.017" classname="org.dataprovider.AutomationRerun">
    <skipped/>
  </testcase> <!-- tc5Register -->
  <testcase name="tc5Register" time="0.022" classname="org.dataprovider.AutomationRerun">
    <skipped/>
  </testcase> <!-- tc5Register -->
  <testcase name="tc5Register" time="0.013" classname="org.dataprovider.AutomationRerun">
    <skipped/>
  </testcase> <!-- tc5Register -->
  <testcase name="tc5Register" time="0.024" classname="org.dataprovider.AutomationRerun">
    <skipped/>
  </testcase> <!-- tc5Register -->
  <testcase name="tc5Register" time="0.013" classname="org.dataprovider.AutomationRerun">
    <skipped/>
  </testcase> <!-- tc5Register -->
  <testcase name="tc5Register" time="0.013" classname="org.dataprovider.AutomationRerun">
    <skipped/>
  </testcase> <!-- tc5Register -->
  <testcase name="tc5Register" time="0.014" classname="org.dataprovider.AutomationRerun">
    <skipped/>
  </testcase> <!-- tc5Register -->
  <testcase name="tc5Register" time="0.010" classname="org.dataprovider.AutomationRerun">
    <skipped/>
  </testcase> <!-- tc5Register -->
  <testcase name="tc5Register" time="0.027" classname="org.dataprovider.AutomationRerun">
    <skipped/>
  </testcase> <!-- tc5Register -->
  <testcase name="tc5Register" time="0.017" classname="org.dataprovider.AutomationRerun">
    <skipped/>
  </testcase> <!-- tc5Register -->
  <testcase name="tc5Register" time="0.015" classname="org.dataprovider.AutomationRerun">
    <skipped/>
  </testcase> <!-- tc5Register -->
  <testcase name="tc5Register" time="0.014" classname="org.dataprovider.AutomationRerun">
    <skipped/>
  </testcase> <!-- tc5Register -->
  <testcase name="tc5Register" time="0.013" classname="org.dataprovider.AutomationRerun">
    <skipped/>
  </testcase> <!-- tc5Register -->
  <testcase name="tc5Register" time="0.011" classname="org.dataprovider.AutomationRerun">
    <skipped/>
  </testcase> <!-- tc5Register -->
  <testcase name="tc5Register" time="0.011" classname="org.dataprovider.AutomationRerun">
    <skipped/>
  </testcase> <!-- tc5Register -->
  <testcase name="tc5Register" time="0.020" classname="org.dataprovider.AutomationRerun">
    <skipped/>
  </testcase> <!-- tc5Register -->
  <testcase name="tc5Register" time="0.015" classname="org.dataprovider.AutomationRerun">
    <skipped/>
  </testcase> <!-- tc5Register -->
  <testcase name="tc5Register" time="0.032" classname="org.dataprovider.AutomationRerun">
    <skipped/>
  </testcase> <!-- tc5Register -->
  <testcase name="tc5Register" time="0.014" classname="org.dataprovider.AutomationRerun">
    <skipped/>
  </testcase> <!-- tc5Register -->
  <testcase name="tc5Register" time="0.012" classname="org.dataprovider.AutomationRerun">
    <skipped/>
  </testcase> <!-- tc5Register -->
  <testcase name="tc5Register" time="0.013" classname="org.dataprovider.AutomationRerun">
    <skipped/>
  </testcase> <!-- tc5Register -->
  <testcase name="tc5Register" time="0.012" classname="org.dataprovider.AutomationRerun">
    <skipped/>
  </testcase> <!-- tc5Register -->
  <testcase name="tc5Register" time="0.013" classname="org.dataprovider.AutomationRerun">
    <skipped/>
  </testcase> <!-- tc5Register -->
  <testcase name="tc5Register" time="0.013" classname="org.dataprovider.AutomationRerun">
    <skipped/>
  </testcase> <!-- tc5Register -->
  <testcase name="tc5Register" time="0.013" classname="org.dataprovider.AutomationRerun">
    <skipped/>
  </testcase> <!-- tc5Register -->
  <testcase name="tc5Register" time="0.012" classname="org.dataprovider.AutomationRerun">
    <skipped/>
  </testcase> <!-- tc5Register -->
  <testcase name="tc5Register" time="0.014" classname="org.dataprovider.AutomationRerun">
    <skipped/>
  </testcase> <!-- tc5Register -->
  <testcase name="tc5Register" time="0.013" classname="org.dataprovider.AutomationRerun">
    <skipped/>
  </testcase> <!-- tc5Register -->
  <testcase name="tc5Register" time="0.013" classname="org.dataprovider.AutomationRerun">
    <skipped/>
  </testcase> <!-- tc5Register -->
  <testcase name="tc5Register" time="0.012" classname="org.dataprovider.AutomationRerun">
    <skipped/>
  </testcase> <!-- tc5Register -->
  <testcase name="tc5Register" time="0.012" classname="org.dataprovider.AutomationRerun">
    <skipped/>
  </testcase> <!-- tc5Register -->
  <testcase name="tc5Register" time="0.013" classname="org.dataprovider.AutomationRerun">
    <skipped/>
  </testcase> <!-- tc5Register -->
  <testcase name="tc5Register" time="0.013" classname="org.dataprovider.AutomationRerun">
    <skipped/>
  </testcase> <!-- tc5Register -->
  <testcase name="tc5Register" time="0.010" classname="org.dataprovider.AutomationRerun">
    <skipped/>
  </testcase> <!-- tc5Register -->
  <testcase name="tc5Register" time="0.011" classname="org.dataprovider.AutomationRerun">
    <skipped/>
  </testcase> <!-- tc5Register -->
  <testcase name="tc5Register" time="0.010" classname="org.dataprovider.AutomationRerun">
    <skipped/>
  </testcase> <!-- tc5Register -->
  <testcase name="tc5Register" time="0.011" classname="org.dataprovider.AutomationRerun">
    <skipped/>
  </testcase> <!-- tc5Register -->
  <testcase name="tc5Register" time="0.022" classname="org.dataprovider.AutomationRerun">
    <skipped/>
  </testcase> <!-- tc5Register -->
  <testcase name="tc5Register" time="0.022" classname="org.dataprovider.AutomationRerun">
    <skipped/>
  </testcase> <!-- tc5Register -->
  <testcase name="tc5Register" time="0.012" classname="org.dataprovider.AutomationRerun">
    <skipped/>
  </testcase> <!-- tc5Register -->
  <testcase name="tc5Register" time="0.012" classname="org.dataprovider.AutomationRerun">
    <skipped/>
  </testcase> <!-- tc5Register -->
  <testcase name="tc5Register" time="0.014" classname="org.dataprovider.AutomationRerun">
    <skipped/>
  </testcase> <!-- tc5Register -->
  <testcase name="tc5Register" time="0.013" classname="org.dataprovider.AutomationRerun">
    <skipped/>
  </testcase> <!-- tc5Register -->
  <testcase name="tc5Register" time="0.012" classname="org.dataprovider.AutomationRerun">
    <skipped/>
  </testcase> <!-- tc5Register -->
  <testcase name="tc5Register" time="0.015" classname="org.dataprovider.AutomationRerun">
    <skipped/>
  </testcase> <!-- tc5Register -->
  <testcase name="tc5Register" time="0.013" classname="org.dataprovider.AutomationRerun">
    <skipped/>
  </testcase> <!-- tc5Register -->
  <testcase name="tc5Register" time="0.018" classname="org.dataprovider.AutomationRerun">
    <skipped/>
  </testcase> <!-- tc5Register -->
  <testcase name="tc5Register" time="0.012" classname="org.dataprovider.AutomationRerun">
    <skipped/>
  </testcase> <!-- tc5Register -->
  <testcase name="tc5Register" time="0.012" classname="org.dataprovider.AutomationRerun">
    <skipped/>
  </testcase> <!-- tc5Register -->
  <testcase name="tc5Register" time="0.012" classname="org.dataprovider.AutomationRerun">
    <skipped/>
  </testcase> <!-- tc5Register -->
  <testcase name="tc5Register" time="0.017" classname="org.dataprovider.AutomationRerun">
    <skipped/>
  </testcase> <!-- tc5Register -->
  <testcase name="tc5Register" time="0.019" classname="org.dataprovider.AutomationRerun">
    <skipped/>
  </testcase> <!-- tc5Register -->
  <testcase name="tc5Register" time="0.011" classname="org.dataprovider.AutomationRerun">
    <skipped/>
  </testcase> <!-- tc5Register -->
  <testcase name="tc5Register" time="0.011" classname="org.dataprovider.AutomationRerun">
    <skipped/>
  </testcase> <!-- tc5Register -->
  <testcase name="tc5Register" time="0.012" classname="org.dataprovider.AutomationRerun">
    <skipped/>
  </testcase> <!-- tc5Register -->
  <testcase name="tc5Register" time="0.013" classname="org.dataprovider.AutomationRerun">
    <skipped/>
  </testcase> <!-- tc5Register -->
  <testcase name="tc5Register" time="0.010" classname="org.dataprovider.AutomationRerun">
    <skipped/>
  </testcase> <!-- tc5Register -->
  <testcase name="tc5Register" time="0.011" classname="org.dataprovider.AutomationRerun">
    <skipped/>
  </testcase> <!-- tc5Register -->
  <testcase name="tc5Register" time="0.020" classname="org.dataprovider.AutomationRerun">
    <skipped/>
  </testcase> <!-- tc5Register -->
  <testcase name="tc5Register" time="0.011" classname="org.dataprovider.AutomationRerun">
    <skipped/>
  </testcase> <!-- tc5Register -->
  <testcase name="tc5Register" time="0.011" classname="org.dataprovider.AutomationRerun">
    <skipped/>
  </testcase> <!-- tc5Register -->
  <testcase name="tc5Register" time="0.015" classname="org.dataprovider.AutomationRerun">
    <skipped/>
  </testcase> <!-- tc5Register -->
  <testcase name="tc5Register" time="0.025" classname="org.dataprovider.AutomationRerun">
    <skipped/>
  </testcase> <!-- tc5Register -->
  <testcase name="tc5Register" time="0.016" classname="org.dataprovider.AutomationRerun">
    <skipped/>
  </testcase> <!-- tc5Register -->
  <testcase name="tc5Register" time="0.020" classname="org.dataprovider.AutomationRerun">
    <skipped/>
  </testcase> <!-- tc5Register -->
  <testcase name="tc5Register" time="0.012" classname="org.dataprovider.AutomationRerun">
    <skipped/>
  </testcase> <!-- tc5Register -->
  <testcase name="tc5Register" time="0.012" classname="org.dataprovider.AutomationRerun">
    <skipped/>
  </testcase> <!-- tc5Register -->
  <testcase name="tc5Register" time="0.012" classname="org.dataprovider.AutomationRerun">
    <skipped/>
  </testcase> <!-- tc5Register -->
  <testcase name="tc5Register" time="0.013" classname="org.dataprovider.AutomationRerun">
    <skipped/>
  </testcase> <!-- tc5Register -->
  <testcase name="tc5Register" time="0.013" classname="org.dataprovider.AutomationRerun">
    <skipped/>
  </testcase> <!-- tc5Register -->
  <testcase name="tc5Register" time="0.011" classname="org.dataprovider.AutomationRerun">
    <skipped/>
  </testcase> <!-- tc5Register -->
  <testcase name="tc5Register" time="0.013" classname="org.dataprovider.AutomationRerun">
    <skipped/>
  </testcase> <!-- tc5Register -->
  <testcase name="tc5Register" time="0.012" classname="org.dataprovider.AutomationRerun">
    <skipped/>
  </testcase> <!-- tc5Register -->
  <testcase name="tc5Register" time="0.012" classname="org.dataprovider.AutomationRerun">
    <skipped/>
  </testcase> <!-- tc5Register -->
  <testcase name="tc5Register" time="0.013" classname="org.dataprovider.AutomationRerun">
    <skipped/>
  </testcase> <!-- tc5Register -->
  <testcase name="tc5Register" time="0.012" classname="org.dataprovider.AutomationRerun">
    <skipped/>
  </testcase> <!-- tc5Register -->
  <testcase name="tc5Register" time="0.023" classname="org.dataprovider.AutomationRerun">
    <skipped/>
  </testcase> <!-- tc5Register -->
  <testcase name="tc5Register" time="0.020" classname="org.dataprovider.AutomationRerun">
    <skipped/>
  </testcase> <!-- tc5Register -->
  <testcase name="tc5Register" time="0.014" classname="org.dataprovider.AutomationRerun">
    <skipped/>
  </testcase> <!-- tc5Register -->
  <testcase name="tc5Register" time="0.013" classname="org.dataprovider.AutomationRerun">
    <skipped/>
  </testcase> <!-- tc5Register -->
  <testcase name="tc5Register" time="0.014" classname="org.dataprovider.AutomationRerun">
    <skipped/>
  </testcase> <!-- tc5Register -->
  <testcase name="tc5Register" time="0.013" classname="org.dataprovider.AutomationRerun">
    <skipped/>
  </testcase> <!-- tc5Register -->
  <testcase name="tc5Register" time="0.011" classname="org.dataprovider.AutomationRerun">
    <skipped/>
  </testcase> <!-- tc5Register -->
  <testcase name="tc5Register" time="0.012" classname="org.dataprovider.AutomationRerun">
    <skipped/>
  </testcase> <!-- tc5Register -->
  <testcase name="tc5Register" time="0.010" classname="org.dataprovider.AutomationRerun">
    <skipped/>
  </testcase> <!-- tc5Register -->
  <testcase name="tc5Register" time="0.012" classname="org.dataprovider.AutomationRerun">
    <skipped/>
  </testcase> <!-- tc5Register -->
  <testcase name="tc5Register" time="0.024" classname="org.dataprovider.AutomationRerun">
    <skipped/>
  </testcase> <!-- tc5Register -->
  <testcase name="tc5Register" time="0.013" classname="org.dataprovider.AutomationRerun">
    <skipped/>
  </testcase> <!-- tc5Register -->
  <testcase name="tc5Register" time="0.011" classname="org.dataprovider.AutomationRerun">
    <skipped/>
  </testcase> <!-- tc5Register -->
  <testcase name="tc5Register" time="0.015" classname="org.dataprovider.AutomationRerun">
    <skipped/>
  </testcase> <!-- tc5Register -->
  <testcase name="tc5Register" time="0.012" classname="org.dataprovider.AutomationRerun">
    <skipped/>
  </testcase> <!-- tc5Register -->
  <testcase name="tc5Register" time="0.011" classname="org.dataprovider.AutomationRerun">
    <skipped/>
  </testcase> <!-- tc5Register -->
  <testcase name="tc5Register" time="0.010" classname="org.dataprovider.AutomationRerun">
    <skipped/>
  </testcase> <!-- tc5Register -->
  <testcase name="tc5Register" time="0.013" classname="org.dataprovider.AutomationRerun">
    <skipped/>
  </testcase> <!-- tc5Register -->
  <testcase name="tc5Register" time="0.015" classname="org.dataprovider.AutomationRerun">
    <skipped/>
  </testcase> <!-- tc5Register -->
  <testcase name="tc5Register" time="0.011" classname="org.dataprovider.AutomationRerun">
    <skipped/>
  </testcase> <!-- tc5Register -->
  <testcase name="tc5Register" time="0.013" classname="org.dataprovider.AutomationRerun">
    <skipped/>
  </testcase> <!-- tc5Register -->
  <testcase name="tc5Register" time="0.014" classname="org.dataprovider.AutomationRerun">
    <skipped/>
  </testcase> <!-- tc5Register -->
  <testcase name="tc5Register" time="0.015" classname="org.dataprovider.AutomationRerun">
    <skipped/>
  </testcase> <!-- tc5Register -->
  <testcase name="tc5Register" time="0.013" classname="org.dataprovider.AutomationRerun">
    <skipped/>
  </testcase> <!-- tc5Register -->
  <testcase name="tc5Register" time="0.015" classname="org.dataprovider.AutomationRerun">
    <skipped/>
  </testcase> <!-- tc5Register -->
  <testcase name="tc5Register" time="0.012" classname="org.dataprovider.AutomationRerun">
    <skipped/>
  </testcase> <!-- tc5Register -->
  <testcase name="tc5Register" time="0.010" classname="org.dataprovider.AutomationRerun">
    <skipped/>
  </testcase> <!-- tc5Register -->
  <testcase name="tc5Register" time="0.017" classname="org.dataprovider.AutomationRerun">
    <skipped/>
  </testcase> <!-- tc5Register -->
  <testcase name="tc5Register" time="0.023" classname="org.dataprovider.AutomationRerun">
    <skipped/>
  </testcase> <!-- tc5Register -->
  <testcase name="tc5Register" time="0.025" classname="org.dataprovider.AutomationRerun">
    <skipped/>
  </testcase> <!-- tc5Register -->
  <testcase name="tc5Register" time="0.018" classname="org.dataprovider.AutomationRerun">
    <skipped/>
  </testcase> <!-- tc5Register -->
  <testcase name="tc5Register" time="0.015" classname="org.dataprovider.AutomationRerun">
    <skipped/>
  </testcase> <!-- tc5Register -->
  <testcase name="tc5Register" time="0.012" classname="org.dataprovider.AutomationRerun">
    <skipped/>
  </testcase> <!-- tc5Register -->
  <testcase name="tc5Register" time="0.012" classname="org.dataprovider.AutomationRerun">
    <skipped/>
  </testcase> <!-- tc5Register -->
  <testcase name="tc5Register" time="0.012" classname="org.dataprovider.AutomationRerun">
    <skipped/>
  </testcase> <!-- tc5Register -->
  <testcase name="tc5Register" time="0.015" classname="org.dataprovider.AutomationRerun">
    <skipped/>
  </testcase> <!-- tc5Register -->
  <testcase name="tc5Register" time="2.670" classname="org.dataprovider.AutomationRerun"/>
  <testcase name="tc5Register" time="0.012" classname="org.dataprovider.AutomationRerun">
    <skipped/>
  </testcase> <!-- tc5Register -->
  <testcase name="tc5Register" time="0.012" classname="org.dataprovider.AutomationRerun">
    <skipped/>
  </testcase> <!-- tc5Register -->
  <testcase name="tc5Register" time="0.013" classname="org.dataprovider.AutomationRerun">
    <skipped/>
  </testcase> <!-- tc5Register -->
  <testcase name="tc5Register" time="0.014" classname="org.dataprovider.AutomationRerun">
    <skipped/>
  </testcase> <!-- tc5Register -->
  <testcase name="tc5Register" time="0.013" classname="org.dataprovider.AutomationRerun">
    <skipped/>
  </testcase> <!-- tc5Register -->
  <testcase name="tc5Register" time="0.015" classname="org.dataprovider.AutomationRerun">
    <skipped/>
  </testcase> <!-- tc5Register -->
  <testcase name="tc5Register" time="0.013" classname="org.dataprovider.AutomationRerun">
    <skipped/>
  </testcase> <!-- tc5Register -->
  <testcase name="tc5Register" time="0.020" classname="org.dataprovider.AutomationRerun">
    <skipped/>
  </testcase> <!-- tc5Register -->
  <testcase name="tc5Register" time="0.012" classname="org.dataprovider.AutomationRerun">
    <skipped/>
  </testcase> <!-- tc5Register -->
  <testcase name="tc5Register" time="0.012" classname="org.dataprovider.AutomationRerun">
    <skipped/>
  </testcase> <!-- tc5Register -->
  <testcase name="tc5Register" time="0.011" classname="org.dataprovider.AutomationRerun">
    <skipped/>
  </testcase> <!-- tc5Register -->
  <testcase name="tc5Register" time="0.012" classname="org.dataprovider.AutomationRerun">
    <skipped/>
  </testcase> <!-- tc5Register -->
  <testcase name="tc5Register" time="0.012" classname="org.dataprovider.AutomationRerun">
    <skipped/>
  </testcase> <!-- tc5Register -->
  <testcase name="tc5Register" time="0.014" classname="org.dataprovider.AutomationRerun">
    <skipped/>
  </testcase> <!-- tc5Register -->
  <testcase name="tc5Register" time="0.027" classname="org.dataprovider.AutomationRerun">
    <skipped/>
  </testcase> <!-- tc5Register -->
  <testcase name="tc5Register" time="0.037" classname="org.dataprovider.AutomationRerun">
    <skipped/>
  </testcase> <!-- tc5Register -->
  <testcase name="tc5Register" time="0.023" classname="org.dataprovider.AutomationRerun">
    <skipped/>
  </testcase> <!-- tc5Register -->
  <testcase name="tc5Register" time="0.014" classname="org.dataprovider.AutomationRerun">
    <skipped/>
  </testcase> <!-- tc5Register -->
  <testcase name="tc5Register" time="0.012" classname="org.dataprovider.AutomationRerun">
    <skipped/>
  </testcase> <!-- tc5Register -->
  <testcase name="tc5Register" time="0.012" classname="org.dataprovider.AutomationRerun">
    <skipped/>
  </testcase> <!-- tc5Register -->
  <testcase name="tc5Register" time="0.013" classname="org.dataprovider.AutomationRerun">
    <skipped/>
  </testcase> <!-- tc5Register -->
  <testcase name="tc5Register" time="0.024" classname="org.dataprovider.AutomationRerun">
    <skipped/>
  </testcase> <!-- tc5Register -->
  <testcase name="tc5Register" time="0.010" classname="org.dataprovider.AutomationRerun">
    <skipped/>
  </testcase> <!-- tc5Register -->
  <testcase name="tc5Register" time="0.013" classname="org.dataprovider.AutomationRerun">
    <skipped/>
  </testcase> <!-- tc5Register -->
  <testcase name="tc5Register" time="0.015" classname="org.dataprovider.AutomationRerun">
    <skipped/>
  </testcase> <!-- tc5Register -->
  <testcase name="tc5Register" time="0.014" classname="org.dataprovider.AutomationRerun">
    <skipped/>
  </testcase> <!-- tc5Register -->
  <testcase name="tc5Register" time="0.013" classname="org.dataprovider.AutomationRerun">
    <skipped/>
  </testcase> <!-- tc5Register -->
  <testcase name="tc5Register" time="0.013" classname="org.dataprovider.AutomationRerun">
    <skipped/>
  </testcase> <!-- tc5Register -->
  <testcase name="tc5Register" time="0.017" classname="org.dataprovider.AutomationRerun">
    <skipped/>
  </testcase> <!-- tc5Register -->
  <testcase name="tc5Register" time="0.016" classname="org.dataprovider.AutomationRerun">
    <skipped/>
  </testcase> <!-- tc5Register -->
  <testcase name="tc5Register" time="0.011" classname="org.dataprovider.AutomationRerun">
    <skipped/>
  </testcase> <!-- tc5Register -->
  <testcase name="tc5Register" time="0.011" classname="org.dataprovider.AutomationRerun">
    <skipped/>
  </testcase> <!-- tc5Register -->
  <testcase name="tc5Register" time="0.010" classname="org.dataprovider.AutomationRerun">
    <skipped/>
  </testcase> <!-- tc5Register -->
  <testcase name="tc5Register" time="0.012" classname="org.dataprovider.AutomationRerun">
    <skipped/>
  </testcase> <!-- tc5Register -->
  <testcase name="tc5Register" time="0.013" classname="org.dataprovider.AutomationRerun">
    <skipped/>
  </testcase> <!-- tc5Register -->
  <testcase name="tc5Register" time="0.015" classname="org.dataprovider.AutomationRerun">
    <skipped/>
  </testcase> <!-- tc5Register -->
  <testcase name="tc5Register" time="0.017" classname="org.dataprovider.AutomationRerun">
    <skipped/>
  </testcase> <!-- tc5Register -->
  <testcase name="tc5Register" time="0.035" classname="org.dataprovider.AutomationRerun">
    <skipped/>
  </testcase> <!-- tc5Register -->
  <testcase name="tc5Register" time="0.013" classname="org.dataprovider.AutomationRerun">
    <skipped/>
  </testcase> <!-- tc5Register -->
  <testcase name="tc5Register" time="0.010" classname="org.dataprovider.AutomationRerun">
    <skipped/>
  </testcase> <!-- tc5Register -->
  <testcase name="tc5Register" time="0.013" classname="org.dataprovider.AutomationRerun">
    <skipped/>
  </testcase> <!-- tc5Register -->
  <testcase name="tc5Register" time="0.015" classname="org.dataprovider.AutomationRerun">
    <skipped/>
  </testcase> <!-- tc5Register -->
  <testcase name="tc5Register" time="0.011" classname="org.dataprovider.AutomationRerun">
    <skipped/>
  </testcase> <!-- tc5Register -->
  <testcase name="tc5Register" time="0.011" classname="org.dataprovider.AutomationRerun">
    <skipped/>
  </testcase> <!-- tc5Register -->
  <testcase name="tc5Register" time="0.011" classname="org.dataprovider.AutomationRerun">
    <skipped/>
  </testcase> <!-- tc5Register -->
  <testcase name="tc2Register" time="2.469" classname="org.dataprovider.AutomationRerun"/>
  <testcase name="tc5Register" time="0.029" classname="org.dataprovider.AutomationRerun">
    <skipped/>
  </testcase> <!-- tc5Register -->
  <testcase name="tc5Register" time="0.069" classname="org.dataprovider.AutomationRerun">
    <skipped/>
  </testcase> <!-- tc5Register -->
  <testcase name="tc5Register" time="0.013" classname="org.dataprovider.AutomationRerun">
    <skipped/>
  </testcase> <!-- tc5Register -->
  <testcase name="tc3Register" time="1.589" classname="org.dataprovider.AutomationRerun"/>
  <testcase name="tc5Register" time="0.025" classname="org.dataprovider.AutomationRerun">
    <skipped/>
  </testcase> <!-- tc5Register -->
  <testcase name="tc5Register" time="0.015" classname="org.dataprovider.AutomationRerun">
    <skipped/>
  </testcase> <!-- tc5Register -->
  <testcase name="tc5Register" time="0.011" classname="org.dataprovider.AutomationRerun">
    <skipped/>
  </testcase> <!-- tc5Register -->
  <testcase name="tc5Register" time="0.012" classname="org.dataprovider.AutomationRerun">
    <skipped/>
  </testcase> <!-- tc5Register -->
  <testcase name="tc5Register" time="0.011" classname="org.dataprovider.AutomationRerun">
    <skipped/>
  </testcase> <!-- tc5Register -->
  <testcase name="tc5Register" time="0.011" classname="org.dataprovider.AutomationRerun">
    <skipped/>
  </testcase> <!-- tc5Register -->
  <testcase name="tc5Register" time="0.011" classname="org.dataprovider.AutomationRerun">
    <skipped/>
  </testcase> <!-- tc5Register -->
  <testcase name="tc5Register" time="0.017" classname="org.dataprovider.AutomationRerun">
    <skipped/>
  </testcase> <!-- tc5Register -->
  <testcase name="tc5Register" time="0.012" classname="org.dataprovider.AutomationRerun">
    <skipped/>
  </testcase> <!-- tc5Register -->
  <testcase name="tc5Register" time="0.013" classname="org.dataprovider.AutomationRerun">
    <skipped/>
  </testcase> <!-- tc5Register -->
  <testcase name="tc5Register" time="0.011" classname="org.dataprovider.AutomationRerun">
    <skipped/>
  </testcase> <!-- tc5Register -->
  <testcase name="tc5Register" time="0.018" classname="org.dataprovider.AutomationRerun">
    <skipped/>
  </testcase> <!-- tc5Register -->
  <testcase name="tc5Register" time="0.013" classname="org.dataprovider.AutomationRerun">
    <skipped/>
  </testcase> <!-- tc5Register -->
  <testcase name="tc5Register" time="0.017" classname="org.dataprovider.AutomationRerun">
    <skipped/>
  </testcase> <!-- tc5Register -->
  <testcase name="tc5Register" time="0.011" classname="org.dataprovider.AutomationRerun">
    <skipped/>
  </testcase> <!-- tc5Register -->
  <testcase name="tc5Register" time="0.013" classname="org.dataprovider.AutomationRerun">
    <skipped/>
  </testcase> <!-- tc5Register -->
  <testcase name="tc5Register" time="0.011" classname="org.dataprovider.AutomationRerun">
    <skipped/>
  </testcase> <!-- tc5Register -->
  <testcase name="tc5Register" time="0.021" classname="org.dataprovider.AutomationRerun">
    <skipped/>
  </testcase> <!-- tc5Register -->
  <testcase name="tc5Register" time="0.012" classname="org.dataprovider.AutomationRerun">
    <skipped/>
  </testcase> <!-- tc5Register -->
  <testcase name="tc5Register" time="0.011" classname="org.dataprovider.AutomationRerun">
    <skipped/>
  </testcase> <!-- tc5Register -->
  <testcase name="tc5Register" time="0.010" classname="org.dataprovider.AutomationRerun">
    <skipped/>
  </testcase> <!-- tc5Register -->
  <testcase name="tc5Register" time="0.011" classname="org.dataprovider.AutomationRerun">
    <skipped/>
  </testcase> <!-- tc5Register -->
  <testcase name="tc5Register" time="0.016" classname="org.dataprovider.AutomationRerun">
    <skipped/>
  </testcase> <!-- tc5Register -->
  <testcase name="tc5Register" time="0.013" classname="org.dataprovider.AutomationRerun">
    <skipped/>
  </testcase> <!-- tc5Register -->
  <testcase name="tc5Register" time="0.011" classname="org.dataprovider.AutomationRerun">
    <skipped/>
  </testcase> <!-- tc5Register -->
  <testcase name="tc5Register" time="0.011" classname="org.dataprovider.AutomationRerun">
    <skipped/>
  </testcase> <!-- tc5Register -->
  <testcase name="tc5Register" time="0.011" classname="org.dataprovider.AutomationRerun">
    <skipped/>
  </testcase> <!-- tc5Register -->
  <testcase name="tc5Register" time="0.011" classname="org.dataprovider.AutomationRerun">
    <skipped/>
  </testcase> <!-- tc5Register -->
</testsuite> <!-- org.dataprovider.AutomationRerun -->
